[15:33:58] [Client thread/INFO]: Setting user: Player322
[15:34:05] [Client thread/INFO]: LWJGL Version: 2.9.4
[15:34:10] [Client thread/INFO]: Reloading ResourceManager: Default, FMLFileResourcePack:Forge Mod Loader, FMLFileResourcePack:Minecraft Forge, FMLFileResourcePack:Spel Begins
[15:34:14] [Sound Library Loader/INFO]: Starting up SoundSystem...
[15:34:15] [Thread-8/INFO]: Initializing LWJGL OpenAL
[15:34:15] [Thread-8/INFO]: (The LWJGL binding of OpenAL.  For more information, see http://www.lwjgl.org)
[15:34:15] [Thread-8/INFO]: OpenAL initialized.
[15:34:15] [Sound Library Loader/INFO]: Sound engine started
[15:34:21] [Client thread/INFO]: Created: 16x16 textures-atlas
[15:34:24] [Client thread/INFO]: Reloading ResourceManager: Default, FMLFileResourcePack:Forge Mod Loader, FMLFileResourcePack:Minecraft Forge, FMLFileResourcePack:Spel Begins
[15:34:26] [Client thread/INFO]: SoundSystem shutting down...
[15:34:27] [Client thread/WARN]: Author: Paul Lamb, www.paulscode.com
[15:34:27] [Sound Library Loader/INFO]: Starting up SoundSystem...
[15:34:27] [Thread-10/INFO]: Initializing LWJGL OpenAL
[15:34:27] [Thread-10/INFO]: (The LWJGL binding of OpenAL.  For more information, see http://www.lwjgl.org)
[15:34:27] [Thread-10/INFO]: OpenAL initialized.
[15:34:27] [Sound Library Loader/INFO]: Sound engine started
[15:34:31] [Client thread/INFO]: Created: 1024x512 textures-atlas
[15:34:33] [Client thread/ERROR]: ########## GL ERROR ##########
[15:34:33] [Client thread/ERROR]: @ Post render
[15:34:33] [Client thread/ERROR]: 1280: Invalid enum
[15:34:33] [Client thread/ERROR]: ########## GL ERROR ##########
[15:34:33] [Client thread/ERROR]: @ Post render
[15:34:33] [Client thread/ERROR]: 1280: Invalid enum
[15:34:33] [Client thread/ERROR]: ########## GL ERROR ##########
[15:34:33] [Client thread/ERROR]: @ Post render
[15:34:33] [Client thread/ERROR]: 1280: Invalid enum
[15:34:34] [Client thread/ERROR]: ########## GL ERROR ##########
[15:34:34] [Client thread/ERROR]: @ Post render
[15:34:34] [Client thread/ERROR]: 1280: Invalid enum
[15:34:34] [Client thread/ERROR]: ########## GL ERROR ##########
[15:34:34] [Client thread/ERROR]: @ Post render
[15:34:34] [Client thread/ERROR]: 1280: Invalid enum
[15:34:34] [Realms Notification Availability checker #1/INFO]: Could not authorize you against Realms server: Invalid session id
[15:34:34] [Client thread/ERROR]: ########## GL ERROR ##########
[15:34:34] [Client thread/ERROR]: @ Post render
[15:34:34] [Client thread/ERROR]: 1280: Invalid enum
[15:34:34] [Client thread/ERROR]: ########## GL ERROR ##########
[15:34:34] [Client thread/ERROR]: @ Post render
[15:34:34] [Client thread/ERROR]: 1280: Invalid enum
[15:34:34] [Client thread/ERROR]: ########## GL ERROR ##########
[15:34:34] [Client thread/ERROR]: @ Post render
[15:34:34] [Client thread/ERROR]: 1280: Invalid enum
[15:34:34] [Client thread/ERROR]: ########## GL ERROR ##########
[15:34:34] [Client thread/ERROR]: @ Post render
[15:34:34] [Client thread/ERROR]: 1280: Invalid enum
[15:34:34] [Client thread/ERROR]: ########## GL ERROR ##########
[15:34:34] [Client thread/ERROR]: @ Post render
[15:34:34] [Client thread/ERROR]: 1280: Invalid enum
[15:34:34] [Client thread/ERROR]: ########## GL ERROR ##########
[15:34:34] [Client thread/ERROR]: @ Post render
[15:34:34] [Client thread/ERROR]: 1280: Invalid enum
[15:34:34] [Client thread/ERROR]: ########## GL ERROR ##########
[15:34:34] [Client thread/ERROR]: @ Post render
[15:34:34] [Client thread/ERROR]: 1280: Invalid enum
[15:34:34] [Client thread/ERROR]: ########## GL ERROR ##########
[15:34:34] [Client thread/ERROR]: @ Post render
[15:34:34] [Client thread/ERROR]: 1280: Invalid enum
[15:34:34] [Client thread/ERROR]: ########## GL ERROR ##########
[15:34:34] [Client thread/ERROR]: @ Post render
[15:34:34] [Client thread/ERROR]: 1280: Invalid enum
[15:34:34] [Client thread/ERROR]: ########## GL ERROR ##########
[15:34:34] [Client thread/ERROR]: @ Post render
[15:34:34] [Client thread/ERROR]: 1280: Invalid enum
[15:34:34] [Client thread/ERROR]: ########## GL ERROR ##########
[15:34:34] [Client thread/ERROR]: @ Post render
[15:34:34] [Client thread/ERROR]: 1280: Invalid enum
[15:34:34] [Client thread/ERROR]: ########## GL ERROR ##########
[15:34:34] [Client thread/ERROR]: @ Post render
[15:34:34] [Client thread/ERROR]: 1280: Invalid enum
[15:34:34] [Client thread/ERROR]: ########## GL ERROR ##########
[15:34:34] [Client thread/ERROR]: @ Post render
[15:34:34] [Client thread/ERROR]: 1280: Invalid enum
[15:34:34] [Client thread/ERROR]: ########## GL ERROR ##########
[15:34:34] [Client thread/ERROR]: @ Post render
[15:34:34] [Client thread/ERROR]: 1280: Invalid enum
[15:34:34] [Client thread/ERROR]: ########## GL ERROR ##########
[15:34:34] [Client thread/ERROR]: @ Post render
[15:34:34] [Client thread/ERROR]: 1280: Invalid enum
[15:34:34] [Client thread/ERROR]: ########## GL ERROR ##########
[15:34:34] [Client thread/ERROR]: @ Post render
[15:34:34] [Client thread/ERROR]: 1280: Invalid enum
[15:34:34] [Client thread/ERROR]: ########## GL ERROR ##########
[15:34:34] [Client thread/ERROR]: @ Post render
[15:34:34] [Client thread/ERROR]: 1280: Invalid enum
[15:34:34] [Client thread/ERROR]: ########## GL ERROR ##########
[15:34:34] [Client thread/ERROR]: @ Post render
[15:34:34] [Client thread/ERROR]: 1280: Invalid enum
[15:34:34] [Client thread/ERROR]: ########## GL ERROR ##########
[15:34:34] [Client thread/ERROR]: @ Post render
[15:34:34] [Client thread/ERROR]: 1280: Invalid enum
[15:34:34] [Client thread/ERROR]: ########## GL ERROR ##########
[15:34:34] [Client thread/ERROR]: @ Post render
[15:34:34] [Client thread/ERROR]: 1280: Invalid enum
[15:34:34] [Client thread/ERROR]: ########## GL ERROR ##########
[15:34:34] [Client thread/ERROR]: @ Post render
[15:34:34] [Client thread/ERROR]: 1280: Invalid enum
[15:34:34] [Client thread/ERROR]: ########## GL ERROR ##########
[15:34:34] [Client thread/ERROR]: @ Post render
[15:34:34] [Client thread/ERROR]: 1280: Invalid enum
[15:34:34] [Client thread/ERROR]: ########## GL ERROR ##########
[15:34:34] [Client thread/ERROR]: @ Post render
[15:34:34] [Client thread/ERROR]: 1280: Invalid enum
[15:34:34] [Client thread/ERROR]: ########## GL ERROR ##########
[15:34:34] [Client thread/ERROR]: @ Post render
[15:34:34] [Client thread/ERROR]: 1280: Invalid enum
[15:34:34] [Client thread/ERROR]: ########## GL ERROR ##########
[15:34:34] [Client thread/ERROR]: @ Post render
[15:34:34] [Client thread/ERROR]: 1280: Invalid enum
[15:34:34] [Client thread/ERROR]: ########## GL ERROR ##########
[15:34:34] [Client thread/ERROR]: @ Post render
[15:34:34] [Client thread/ERROR]: 1280: Invalid enum
[15:34:34] [Client thread/ERROR]: ########## GL ERROR ##########
[15:34:34] [Client thread/ERROR]: @ Post render
[15:34:34] [Client thread/ERROR]: 1280: Invalid enum
[15:34:34] [Client thread/ERROR]: ########## GL ERROR ##########
[15:34:34] [Client thread/ERROR]: @ Post render
[15:34:34] [Client thread/ERROR]: 1280: Invalid enum
[15:34:34] [Client thread/ERROR]: ########## GL ERROR ##########
[15:34:34] [Client thread/ERROR]: @ Post render
[15:34:34] [Client thread/ERROR]: 1280: Invalid enum
[15:34:34] [Client thread/ERROR]: ########## GL ERROR ##########
[15:34:34] [Client thread/ERROR]: @ Post render
[15:34:34] [Client thread/ERROR]: 1280: Invalid enum
[15:34:35] [Client thread/ERROR]: ########## GL ERROR ##########
[15:34:35] [Client thread/ERROR]: @ Post render
[15:34:35] [Client thread/ERROR]: 1280: Invalid enum
[15:34:35] [Client thread/ERROR]: ########## GL ERROR ##########
[15:34:35] [Client thread/ERROR]: @ Post render
[15:34:35] [Client thread/ERROR]: 1280: Invalid enum
[15:34:35] [Client thread/ERROR]: ########## GL ERROR ##########
[15:34:35] [Client thread/ERROR]: @ Post render
[15:34:35] [Client thread/ERROR]: 1280: Invalid enum
[15:34:35] [Client thread/ERROR]: ########## GL ERROR ##########
[15:34:35] [Client thread/ERROR]: @ Post render
[15:34:35] [Client thread/ERROR]: 1280: Invalid enum
[15:34:35] [Client thread/ERROR]: ########## GL ERROR ##########
[15:34:35] [Client thread/ERROR]: @ Post render
[15:34:35] [Client thread/ERROR]: 1280: Invalid enum
[15:34:35] [Client thread/ERROR]: ########## GL ERROR ##########
[15:34:35] [Client thread/ERROR]: @ Post render
[15:34:35] [Client thread/ERROR]: 1280: Invalid enum
[15:34:35] [Client thread/ERROR]: ########## GL ERROR ##########
[15:34:35] [Client thread/ERROR]: @ Post render
[15:34:35] [Client thread/ERROR]: 1280: Invalid enum
[15:34:35] [Client thread/ERROR]: ########## GL ERROR ##########
[15:34:35] [Client thread/ERROR]: @ Post render
[15:34:35] [Client thread/ERROR]: 1280: Invalid enum
[15:34:35] [Client thread/ERROR]: ########## GL ERROR ##########
[15:34:35] [Client thread/ERROR]: @ Post render
[15:34:35] [Client thread/ERROR]: 1280: Invalid enum
[15:34:35] [Client thread/ERROR]: ########## GL ERROR ##########
[15:34:35] [Client thread/ERROR]: @ Post render
[15:34:35] [Client thread/ERROR]: 1280: Invalid enum
[15:34:35] [Client thread/ERROR]: ########## GL ERROR ##########
[15:34:35] [Client thread/ERROR]: @ Post render
[15:34:35] [Client thread/ERROR]: 1280: Invalid enum
[15:34:35] [Client thread/ERROR]: ########## GL ERROR ##########
[15:34:35] [Client thread/ERROR]: @ Post render
[15:34:35] [Client thread/ERROR]: 1280: Invalid enum
[15:34:35] [Client thread/ERROR]: ########## GL ERROR ##########
[15:34:35] [Client thread/ERROR]: @ Post render
[15:34:35] [Client thread/ERROR]: 1280: Invalid enum
[15:34:35] [Client thread/ERROR]: ########## GL ERROR ##########
[15:34:35] [Client thread/ERROR]: @ Post render
[15:34:35] [Client thread/ERROR]: 1280: Invalid enum
[15:34:35] [Client thread/ERROR]: ########## GL ERROR ##########
[15:34:35] [Client thread/ERROR]: @ Post render
[15:34:35] [Client thread/ERROR]: 1280: Invalid enum
[15:34:35] [Client thread/ERROR]: ########## GL ERROR ##########
[15:34:35] [Client thread/ERROR]: @ Post render
[15:34:35] [Client thread/ERROR]: 1280: Invalid enum
[15:34:35] [Client thread/ERROR]: ########## GL ERROR ##########
[15:34:35] [Client thread/ERROR]: @ Post render
[15:34:35] [Client thread/ERROR]: 1280: Invalid enum
[15:34:35] [Client thread/ERROR]: ########## GL ERROR ##########
[15:34:35] [Client thread/ERROR]: @ Post render
[15:34:35] [Client thread/ERROR]: 1280: Invalid enum
[15:34:35] [Client thread/ERROR]: ########## GL ERROR ##########
[15:34:35] [Client thread/ERROR]: @ Post render
[15:34:35] [Client thread/ERROR]: 1280: Invalid enum
[15:34:35] [Client thread/ERROR]: ########## GL ERROR ##########
[15:34:35] [Client thread/ERROR]: @ Post render
[15:34:35] [Client thread/ERROR]: 1280: Invalid enum
[15:34:35] [Client thread/ERROR]: ########## GL ERROR ##########
[15:34:35] [Client thread/ERROR]: @ Post render
[15:34:35] [Client thread/ERROR]: 1280: Invalid enum
[15:34:35] [Client thread/ERROR]: ########## GL ERROR ##########
[15:34:35] [Client thread/ERROR]: @ Post render
[15:34:35] [Client thread/ERROR]: 1280: Invalid enum
[15:34:35] [Client thread/ERROR]: ########## GL ERROR ##########
[15:34:35] [Client thread/ERROR]: @ Post render
[15:34:35] [Client thread/ERROR]: 1280: Invalid enum
[15:34:35] [Client thread/ERROR]: ########## GL ERROR ##########
[15:34:35] [Client thread/ERROR]: @ Post render
[15:34:35] [Client thread/ERROR]: 1280: Invalid enum
[15:34:35] [Client thread/ERROR]: ########## GL ERROR ##########
[15:34:35] [Client thread/ERROR]: @ Post render
[15:34:35] [Client thread/ERROR]: 1280: Invalid enum
[15:34:35] [Client thread/ERROR]: ########## GL ERROR ##########
[15:34:35] [Client thread/ERROR]: @ Post render
[15:34:35] [Client thread/ERROR]: 1280: Invalid enum
[15:34:35] [Client thread/ERROR]: ########## GL ERROR ##########
[15:34:35] [Client thread/ERROR]: @ Post render
[15:34:35] [Client thread/ERROR]: 1280: Invalid enum
[15:34:35] [Client thread/ERROR]: ########## GL ERROR ##########
[15:34:35] [Client thread/ERROR]: @ Post render
[15:34:35] [Client thread/ERROR]: 1280: Invalid enum
[15:34:35] [Client thread/ERROR]: ########## GL ERROR ##########
[15:34:35] [Client thread/ERROR]: @ Post render
[15:34:35] [Client thread/ERROR]: 1280: Invalid enum
[15:34:35] [Client thread/ERROR]: ########## GL ERROR ##########
[15:34:35] [Client thread/ERROR]: @ Post render
[15:34:35] [Client thread/ERROR]: 1280: Invalid enum
[15:34:36] [Client thread/ERROR]: ########## GL ERROR ##########
[15:34:36] [Client thread/ERROR]: @ Post render
[15:34:36] [Client thread/ERROR]: 1280: Invalid enum
[15:34:36] [Client thread/ERROR]: ########## GL ERROR ##########
[15:34:36] [Client thread/ERROR]: @ Post render
[15:34:36] [Client thread/ERROR]: 1280: Invalid enum
[15:34:36] [Client thread/ERROR]: ########## GL ERROR ##########
[15:34:36] [Client thread/ERROR]: @ Post render
[15:34:36] [Client thread/ERROR]: 1280: Invalid enum
[15:34:36] [Client thread/ERROR]: ########## GL ERROR ##########
[15:34:36] [Client thread/ERROR]: @ Post render
[15:34:36] [Client thread/ERROR]: 1280: Invalid enum
[15:34:36] [Client thread/ERROR]: ########## GL ERROR ##########
[15:34:36] [Client thread/ERROR]: @ Post render
[15:34:36] [Client thread/ERROR]: 1280: Invalid enum
[15:34:36] [Client thread/ERROR]: ########## GL ERROR ##########
[15:34:36] [Client thread/ERROR]: @ Post render
[15:34:36] [Client thread/ERROR]: 1280: Invalid enum
[15:34:36] [Client thread/ERROR]: ########## GL ERROR ##########
[15:34:36] [Client thread/ERROR]: @ Post render
[15:34:36] [Client thread/ERROR]: 1280: Invalid enum
[15:34:36] [Client thread/ERROR]: ########## GL ERROR ##########
[15:34:36] [Client thread/ERROR]: @ Post render
[15:34:36] [Client thread/ERROR]: 1280: Invalid enum
[15:34:36] [Client thread/ERROR]: ########## GL ERROR ##########
[15:34:36] [Client thread/ERROR]: @ Post render
[15:34:36] [Client thread/ERROR]: 1280: Invalid enum
[15:34:36] [Client thread/ERROR]: ########## GL ERROR ##########
[15:34:36] [Client thread/ERROR]: @ Post render
[15:34:36] [Client thread/ERROR]: 1280: Invalid enum
[15:34:36] [Client thread/ERROR]: ########## GL ERROR ##########
[15:34:36] [Client thread/ERROR]: @ Post render
[15:34:36] [Client thread/ERROR]: 1280: Invalid enum
[15:34:36] [Client thread/ERROR]: ########## GL ERROR ##########
[15:34:36] [Client thread/ERROR]: @ Post render
[15:34:36] [Client thread/ERROR]: 1280: Invalid enum
[15:34:36] [Client thread/ERROR]: ########## GL ERROR ##########
[15:34:36] [Client thread/ERROR]: @ Post render
[15:34:36] [Client thread/ERROR]: 1280: Invalid enum
[15:34:36] [Client thread/ERROR]: ########## GL ERROR ##########
[15:34:36] [Client thread/ERROR]: @ Post render
[15:34:36] [Client thread/ERROR]: 1280: Invalid enum
[15:34:36] [Client thread/ERROR]: ########## GL ERROR ##########
[15:34:36] [Client thread/ERROR]: @ Post render
[15:34:36] [Client thread/ERROR]: 1280: Invalid enum
[15:34:36] [Client thread/ERROR]: ########## GL ERROR ##########
[15:34:36] [Client thread/ERROR]: @ Post render
[15:34:36] [Client thread/ERROR]: 1280: Invalid enum
[15:34:36] [Client thread/ERROR]: ########## GL ERROR ##########
[15:34:36] [Client thread/ERROR]: @ Post render
[15:34:36] [Client thread/ERROR]: 1280: Invalid enum
[15:34:36] [Client thread/ERROR]: ########## GL ERROR ##########
[15:34:36] [Client thread/ERROR]: @ Post render
[15:34:36] [Client thread/ERROR]: 1280: Invalid enum
[15:34:36] [Client thread/ERROR]: ########## GL ERROR ##########
[15:34:36] [Client thread/ERROR]: @ Post render
[15:34:36] [Client thread/ERROR]: 1280: Invalid enum
[15:34:36] [Client thread/ERROR]: ########## GL ERROR ##########
[15:34:36] [Client thread/ERROR]: @ Post render
[15:34:36] [Client thread/ERROR]: 1280: Invalid enum
[15:34:36] [Client thread/ERROR]: ########## GL ERROR ##########
[15:34:36] [Client thread/ERROR]: @ Post render
[15:34:36] [Client thread/ERROR]: 1280: Invalid enum
[15:34:36] [Client thread/ERROR]: ########## GL ERROR ##########
[15:34:36] [Client thread/ERROR]: @ Post render
[15:34:36] [Client thread/ERROR]: 1280: Invalid enum
[15:34:36] [Client thread/ERROR]: ########## GL ERROR ##########
[15:34:36] [Client thread/ERROR]: @ Post render
[15:34:36] [Client thread/ERROR]: 1280: Invalid enum
[15:34:36] [Client thread/ERROR]: ########## GL ERROR ##########
[15:34:36] [Client thread/ERROR]: @ Post render
[15:34:36] [Client thread/ERROR]: 1280: Invalid enum
[15:34:36] [Client thread/ERROR]: ########## GL ERROR ##########
[15:34:36] [Client thread/ERROR]: @ Post render
[15:34:36] [Client thread/ERROR]: 1280: Invalid enum
[15:34:36] [Client thread/ERROR]: ########## GL ERROR ##########
[15:34:36] [Client thread/ERROR]: @ Post render
[15:34:36] [Client thread/ERROR]: 1280: Invalid enum
[15:34:36] [Client thread/ERROR]: ########## GL ERROR ##########
[15:34:36] [Client thread/ERROR]: @ Post render
[15:34:36] [Client thread/ERROR]: 1280: Invalid enum
[15:34:36] [Client thread/ERROR]: ########## GL ERROR ##########
[15:34:36] [Client thread/ERROR]: @ Post render
[15:34:36] [Client thread/ERROR]: 1280: Invalid enum
[15:34:36] [Client thread/ERROR]: ########## GL ERROR ##########
[15:34:36] [Client thread/ERROR]: @ Post render
[15:34:36] [Client thread/ERROR]: 1280: Invalid enum
[15:34:36] [Client thread/ERROR]: ########## GL ERROR ##########
[15:34:36] [Client thread/ERROR]: @ Post render
[15:34:36] [Client thread/ERROR]: 1280: Invalid enum
[15:34:37] [Client thread/ERROR]: ########## GL ERROR ##########
[15:34:37] [Client thread/ERROR]: @ Post render
[15:34:37] [Client thread/ERROR]: 1280: Invalid enum
[15:34:37] [Client thread/ERROR]: ########## GL ERROR ##########
[15:34:37] [Client thread/ERROR]: @ Post render
[15:34:37] [Client thread/ERROR]: 1280: Invalid enum
[15:34:37] [Client thread/ERROR]: ########## GL ERROR ##########
[15:34:37] [Client thread/ERROR]: @ Post render
[15:34:37] [Client thread/ERROR]: 1280: Invalid enum
[15:34:37] [Client thread/ERROR]: ########## GL ERROR ##########
[15:34:37] [Client thread/ERROR]: @ Post render
[15:34:37] [Client thread/ERROR]: 1280: Invalid enum
[15:34:37] [Client thread/ERROR]: ########## GL ERROR ##########
[15:34:37] [Client thread/ERROR]: @ Post render
[15:34:37] [Client thread/ERROR]: 1280: Invalid enum
[15:34:37] [Client thread/ERROR]: ########## GL ERROR ##########
[15:34:37] [Client thread/ERROR]: @ Post render
[15:34:37] [Client thread/ERROR]: 1280: Invalid enum
[15:34:37] [Client thread/ERROR]: ########## GL ERROR ##########
[15:34:37] [Client thread/ERROR]: @ Post render
[15:34:37] [Client thread/ERROR]: 1280: Invalid enum
[15:34:37] [Client thread/ERROR]: ########## GL ERROR ##########
[15:34:37] [Client thread/ERROR]: @ Post render
[15:34:37] [Client thread/ERROR]: 1280: Invalid enum
[15:34:37] [Client thread/ERROR]: ########## GL ERROR ##########
[15:34:37] [Client thread/ERROR]: @ Post render
[15:34:37] [Client thread/ERROR]: 1280: Invalid enum
[15:34:37] [Client thread/ERROR]: ########## GL ERROR ##########
[15:34:37] [Client thread/ERROR]: @ Post render
[15:34:37] [Client thread/ERROR]: 1280: Invalid enum
[15:34:37] [Client thread/ERROR]: ########## GL ERROR ##########
[15:34:37] [Client thread/ERROR]: @ Post render
[15:34:37] [Client thread/ERROR]: 1280: Invalid enum
[15:34:37] [Client thread/ERROR]: ########## GL ERROR ##########
[15:34:37] [Client thread/ERROR]: @ Post render
[15:34:37] [Client thread/ERROR]: 1280: Invalid enum
[15:34:37] [Client thread/ERROR]: ########## GL ERROR ##########
[15:34:37] [Client thread/ERROR]: @ Post render
[15:34:37] [Client thread/ERROR]: 1280: Invalid enum
[15:34:37] [Client thread/ERROR]: ########## GL ERROR ##########
[15:34:37] [Client thread/ERROR]: @ Post render
[15:34:37] [Client thread/ERROR]: 1280: Invalid enum
[15:34:37] [Client thread/ERROR]: ########## GL ERROR ##########
[15:34:37] [Client thread/ERROR]: @ Post render
[15:34:37] [Client thread/ERROR]: 1280: Invalid enum
[15:34:37] [Client thread/ERROR]: ########## GL ERROR ##########
[15:34:37] [Client thread/ERROR]: @ Post render
[15:34:37] [Client thread/ERROR]: 1280: Invalid enum
[15:34:37] [Client thread/ERROR]: ########## GL ERROR ##########
[15:34:37] [Client thread/ERROR]: @ Post render
[15:34:37] [Client thread/ERROR]: 1280: Invalid enum
[15:34:37] [Client thread/ERROR]: ########## GL ERROR ##########
[15:34:37] [Client thread/ERROR]: @ Post render
[15:34:37] [Client thread/ERROR]: 1280: Invalid enum
[15:34:37] [Client thread/ERROR]: ########## GL ERROR ##########
[15:34:37] [Client thread/ERROR]: @ Post render
[15:34:37] [Client thread/ERROR]: 1280: Invalid enum
[15:34:37] [Client thread/ERROR]: ########## GL ERROR ##########
[15:34:37] [Client thread/ERROR]: @ Post render
[15:34:37] [Client thread/ERROR]: 1280: Invalid enum
[15:34:37] [Client thread/ERROR]: ########## GL ERROR ##########
[15:34:37] [Client thread/ERROR]: @ Post render
[15:34:37] [Client thread/ERROR]: 1280: Invalid enum
[15:34:37] [Client thread/ERROR]: ########## GL ERROR ##########
[15:34:37] [Client thread/ERROR]: @ Post render
[15:34:37] [Client thread/ERROR]: 1280: Invalid enum
[15:34:37] [Client thread/ERROR]: ########## GL ERROR ##########
[15:34:37] [Client thread/ERROR]: @ Post render
[15:34:37] [Client thread/ERROR]: 1280: Invalid enum
[15:34:37] [Client thread/ERROR]: ########## GL ERROR ##########
[15:34:37] [Client thread/ERROR]: @ Post render
[15:34:37] [Client thread/ERROR]: 1280: Invalid enum
[15:34:37] [Client thread/ERROR]: ########## GL ERROR ##########
[15:34:37] [Client thread/ERROR]: @ Post render
[15:34:37] [Client thread/ERROR]: 1280: Invalid enum
[15:34:37] [Client thread/ERROR]: ########## GL ERROR ##########
[15:34:37] [Client thread/ERROR]: @ Post render
[15:34:37] [Client thread/ERROR]: 1280: Invalid enum
[15:34:37] [Client thread/ERROR]: ########## GL ERROR ##########
[15:34:37] [Client thread/ERROR]: @ Post render
[15:34:37] [Client thread/ERROR]: 1280: Invalid enum
[15:34:37] [Client thread/ERROR]: ########## GL ERROR ##########
[15:34:37] [Client thread/ERROR]: @ Post render
[15:34:37] [Client thread/ERROR]: 1280: Invalid enum
[15:34:37] [Client thread/ERROR]: ########## GL ERROR ##########
[15:34:37] [Client thread/ERROR]: @ Post render
[15:34:37] [Client thread/ERROR]: 1280: Invalid enum
[15:34:37] [Client thread/ERROR]: ########## GL ERROR ##########
[15:34:37] [Client thread/ERROR]: @ Post render
[15:34:37] [Client thread/ERROR]: 1280: Invalid enum
[15:34:38] [Client thread/ERROR]: ########## GL ERROR ##########
[15:34:38] [Client thread/ERROR]: @ Post render
[15:34:38] [Client thread/ERROR]: 1280: Invalid enum
[15:34:38] [Client thread/ERROR]: ########## GL ERROR ##########
[15:34:38] [Client thread/ERROR]: @ Post render
[15:34:38] [Client thread/ERROR]: 1280: Invalid enum
[15:34:38] [Client thread/ERROR]: ########## GL ERROR ##########
[15:34:38] [Client thread/ERROR]: @ Post render
[15:34:38] [Client thread/ERROR]: 1280: Invalid enum
[15:34:38] [Client thread/ERROR]: ########## GL ERROR ##########
[15:34:38] [Client thread/ERROR]: @ Post render
[15:34:38] [Client thread/ERROR]: 1280: Invalid enum
[15:34:38] [Client thread/ERROR]: ########## GL ERROR ##########
[15:34:38] [Client thread/ERROR]: @ Post render
[15:34:38] [Client thread/ERROR]: 1280: Invalid enum
[15:34:38] [Client thread/ERROR]: ########## GL ERROR ##########
[15:34:38] [Client thread/ERROR]: @ Post render
[15:34:38] [Client thread/ERROR]: 1280: Invalid enum
[15:34:38] [Client thread/ERROR]: ########## GL ERROR ##########
[15:34:38] [Client thread/ERROR]: @ Post render
[15:34:38] [Client thread/ERROR]: 1280: Invalid enum
[15:34:38] [Client thread/ERROR]: ########## GL ERROR ##########
[15:34:38] [Client thread/ERROR]: @ Post render
[15:34:38] [Client thread/ERROR]: 1280: Invalid enum
[15:34:38] [Client thread/ERROR]: ########## GL ERROR ##########
[15:34:38] [Client thread/ERROR]: @ Post render
[15:34:38] [Client thread/ERROR]: 1280: Invalid enum
[15:34:38] [Client thread/ERROR]: ########## GL ERROR ##########
[15:34:38] [Client thread/ERROR]: @ Post render
[15:34:38] [Client thread/ERROR]: 1280: Invalid enum
[15:34:38] [Client thread/ERROR]: ########## GL ERROR ##########
[15:34:38] [Client thread/ERROR]: @ Post render
[15:34:38] [Client thread/ERROR]: 1280: Invalid enum
[15:34:38] [Client thread/ERROR]: ########## GL ERROR ##########
[15:34:38] [Client thread/ERROR]: @ Post render
[15:34:38] [Client thread/ERROR]: 1280: Invalid enum
[15:34:38] [Client thread/ERROR]: ########## GL ERROR ##########
[15:34:38] [Client thread/ERROR]: @ Post render
[15:34:38] [Client thread/ERROR]: 1280: Invalid enum
[15:34:38] [Client thread/ERROR]: ########## GL ERROR ##########
[15:34:38] [Client thread/ERROR]: @ Post render
[15:34:38] [Client thread/ERROR]: 1280: Invalid enum
[15:34:38] [Client thread/ERROR]: ########## GL ERROR ##########
[15:34:38] [Client thread/ERROR]: @ Post render
[15:34:38] [Client thread/ERROR]: 1280: Invalid enum
[15:34:38] [Client thread/ERROR]: ########## GL ERROR ##########
[15:34:38] [Client thread/ERROR]: @ Post render
[15:34:38] [Client thread/ERROR]: 1280: Invalid enum
[15:34:38] [Client thread/ERROR]: ########## GL ERROR ##########
[15:34:38] [Client thread/ERROR]: @ Post render
[15:34:38] [Client thread/ERROR]: 1280: Invalid enum
[15:34:38] [Client thread/ERROR]: ########## GL ERROR ##########
[15:34:38] [Client thread/ERROR]: @ Post render
[15:34:38] [Client thread/ERROR]: 1280: Invalid enum
[15:34:38] [Client thread/ERROR]: ########## GL ERROR ##########
[15:34:38] [Client thread/ERROR]: @ Post render
[15:34:38] [Client thread/ERROR]: 1280: Invalid enum
[15:34:38] [Client thread/ERROR]: ########## GL ERROR ##########
[15:34:38] [Client thread/ERROR]: @ Post render
[15:34:38] [Client thread/ERROR]: 1280: Invalid enum
[15:34:38] [Client thread/ERROR]: ########## GL ERROR ##########
[15:34:38] [Client thread/ERROR]: @ Post render
[15:34:38] [Client thread/ERROR]: 1280: Invalid enum
[15:34:38] [Client thread/ERROR]: ########## GL ERROR ##########
[15:34:38] [Client thread/ERROR]: @ Post render
[15:34:38] [Client thread/ERROR]: 1280: Invalid enum
[15:34:38] [Client thread/ERROR]: ########## GL ERROR ##########
[15:34:38] [Client thread/ERROR]: @ Post render
[15:34:38] [Client thread/ERROR]: 1280: Invalid enum
[15:34:38] [Client thread/ERROR]: ########## GL ERROR ##########
[15:34:38] [Client thread/ERROR]: @ Post render
[15:34:38] [Client thread/ERROR]: 1280: Invalid enum
[15:34:38] [Client thread/ERROR]: ########## GL ERROR ##########
[15:34:38] [Client thread/ERROR]: @ Post render
[15:34:38] [Client thread/ERROR]: 1280: Invalid enum
[15:34:38] [Client thread/ERROR]: ########## GL ERROR ##########
[15:34:38] [Client thread/ERROR]: @ Post render
[15:34:38] [Client thread/ERROR]: 1280: Invalid enum
[15:34:38] [Client thread/ERROR]: ########## GL ERROR ##########
[15:34:38] [Client thread/ERROR]: @ Post render
[15:34:38] [Client thread/ERROR]: 1280: Invalid enum
[15:34:38] [Client thread/ERROR]: ########## GL ERROR ##########
[15:34:38] [Client thread/ERROR]: @ Post render
[15:34:38] [Client thread/ERROR]: 1280: Invalid enum
[15:34:39] [Client thread/ERROR]: ########## GL ERROR ##########
[15:34:39] [Client thread/ERROR]: @ Post render
[15:34:39] [Client thread/ERROR]: 1280: Invalid enum
[15:34:39] [Client thread/ERROR]: ########## GL ERROR ##########
[15:34:39] [Client thread/ERROR]: @ Post render
[15:34:39] [Client thread/ERROR]: 1280: Invalid enum
[15:34:39] [Client thread/ERROR]: ########## GL ERROR ##########
[15:34:39] [Client thread/ERROR]: @ Post render
[15:34:39] [Client thread/ERROR]: 1280: Invalid enum
[15:34:39] [Client thread/ERROR]: ########## GL ERROR ##########
[15:34:39] [Client thread/ERROR]: @ Post render
[15:34:39] [Client thread/ERROR]: 1280: Invalid enum
[15:34:39] [Client thread/ERROR]: ########## GL ERROR ##########
[15:34:39] [Client thread/ERROR]: @ Post render
[15:34:39] [Client thread/ERROR]: 1280: Invalid enum
[15:34:39] [Client thread/ERROR]: ########## GL ERROR ##########
[15:34:39] [Client thread/ERROR]: @ Post render
[15:34:39] [Client thread/ERROR]: 1280: Invalid enum
[15:34:39] [Client thread/ERROR]: ########## GL ERROR ##########
[15:34:39] [Client thread/ERROR]: @ Post render
[15:34:39] [Client thread/ERROR]: 1280: Invalid enum
[15:34:39] [Client thread/ERROR]: ########## GL ERROR ##########
[15:34:39] [Client thread/ERROR]: @ Post render
[15:34:39] [Client thread/ERROR]: 1280: Invalid enum
[15:34:39] [Client thread/ERROR]: ########## GL ERROR ##########
[15:34:39] [Client thread/ERROR]: @ Post render
[15:34:39] [Client thread/ERROR]: 1280: Invalid enum
[15:34:39] [Client thread/ERROR]: ########## GL ERROR ##########
[15:34:39] [Client thread/ERROR]: @ Post render
[15:34:39] [Client thread/ERROR]: 1280: Invalid enum
[15:34:39] [Client thread/ERROR]: ########## GL ERROR ##########
[15:34:39] [Client thread/ERROR]: @ Post render
[15:34:39] [Client thread/ERROR]: 1280: Invalid enum
[15:34:39] [Client thread/ERROR]: ########## GL ERROR ##########
[15:34:39] [Client thread/ERROR]: @ Post render
[15:34:39] [Client thread/ERROR]: 1280: Invalid enum
[15:34:39] [Client thread/ERROR]: ########## GL ERROR ##########
[15:34:39] [Client thread/ERROR]: @ Post render
[15:34:39] [Client thread/ERROR]: 1280: Invalid enum
[15:34:39] [Client thread/ERROR]: ########## GL ERROR ##########
[15:34:39] [Client thread/ERROR]: @ Post render
[15:34:39] [Client thread/ERROR]: 1280: Invalid enum
[15:34:39] [Client thread/ERROR]: ########## GL ERROR ##########
[15:34:39] [Client thread/ERROR]: @ Post render
[15:34:39] [Client thread/ERROR]: 1280: Invalid enum
[15:34:39] [Client thread/ERROR]: ########## GL ERROR ##########
[15:34:39] [Client thread/ERROR]: @ Post render
[15:34:39] [Client thread/ERROR]: 1280: Invalid enum
[15:34:39] [Client thread/ERROR]: ########## GL ERROR ##########
[15:34:39] [Client thread/ERROR]: @ Post render
[15:34:39] [Client thread/ERROR]: 1280: Invalid enum
[15:34:39] [Client thread/ERROR]: ########## GL ERROR ##########
[15:34:39] [Client thread/ERROR]: @ Post render
[15:34:39] [Client thread/ERROR]: 1280: Invalid enum
[15:34:39] [Client thread/ERROR]: ########## GL ERROR ##########
[15:34:39] [Client thread/ERROR]: @ Post render
[15:34:39] [Client thread/ERROR]: 1280: Invalid enum
[15:34:39] [Client thread/ERROR]: ########## GL ERROR ##########
[15:34:39] [Client thread/ERROR]: @ Post render
[15:34:39] [Client thread/ERROR]: 1280: Invalid enum
[15:34:39] [Client thread/ERROR]: ########## GL ERROR ##########
[15:34:39] [Client thread/ERROR]: @ Post render
[15:34:39] [Client thread/ERROR]: 1280: Invalid enum
[15:34:39] [Client thread/ERROR]: ########## GL ERROR ##########
[15:34:39] [Client thread/ERROR]: @ Post render
[15:34:39] [Client thread/ERROR]: 1280: Invalid enum
[15:34:39] [Client thread/ERROR]: ########## GL ERROR ##########
[15:34:39] [Client thread/ERROR]: @ Post render
[15:34:39] [Client thread/ERROR]: 1280: Invalid enum
[15:34:39] [Client thread/ERROR]: ########## GL ERROR ##########
[15:34:39] [Client thread/ERROR]: @ Post render
[15:34:39] [Client thread/ERROR]: 1280: Invalid enum
[15:34:39] [Client thread/ERROR]: ########## GL ERROR ##########
[15:34:39] [Client thread/ERROR]: @ Post render
[15:34:39] [Client thread/ERROR]: 1280: Invalid enum
[15:34:39] [Client thread/ERROR]: ########## GL ERROR ##########
[15:34:39] [Client thread/ERROR]: @ Post render
[15:34:39] [Client thread/ERROR]: 1280: Invalid enum
[15:34:40] [Client thread/ERROR]: ########## GL ERROR ##########
[15:34:40] [Client thread/ERROR]: @ Post render
[15:34:40] [Client thread/ERROR]: 1280: Invalid enum
[15:34:40] [Client thread/ERROR]: ########## GL ERROR ##########
[15:34:40] [Client thread/ERROR]: @ Post render
[15:34:40] [Client thread/ERROR]: 1280: Invalid enum
[15:34:40] [Client thread/ERROR]: ########## GL ERROR ##########
[15:34:40] [Client thread/ERROR]: @ Post render
[15:34:40] [Client thread/ERROR]: 1280: Invalid enum
[15:34:40] [Client thread/ERROR]: ########## GL ERROR ##########
[15:34:40] [Client thread/ERROR]: @ Post render
[15:34:40] [Client thread/ERROR]: 1280: Invalid enum
[15:34:40] [Client thread/ERROR]: ########## GL ERROR ##########
[15:34:40] [Client thread/ERROR]: @ Post render
[15:34:40] [Client thread/ERROR]: 1280: Invalid enum
[15:34:40] [Client thread/ERROR]: ########## GL ERROR ##########
[15:34:40] [Client thread/ERROR]: @ Post render
[15:34:40] [Client thread/ERROR]: 1280: Invalid enum
[15:34:40] [Client thread/ERROR]: ########## GL ERROR ##########
[15:34:40] [Client thread/ERROR]: @ Post render
[15:34:40] [Client thread/ERROR]: 1280: Invalid enum
[15:34:40] [Client thread/ERROR]: ########## GL ERROR ##########
[15:34:40] [Client thread/ERROR]: @ Post render
[15:34:40] [Client thread/ERROR]: 1280: Invalid enum
[15:34:40] [Client thread/ERROR]: ########## GL ERROR ##########
[15:34:40] [Client thread/ERROR]: @ Post render
[15:34:40] [Client thread/ERROR]: 1280: Invalid enum
[15:34:40] [Client thread/ERROR]: ########## GL ERROR ##########
[15:34:40] [Client thread/ERROR]: @ Post render
[15:34:40] [Client thread/ERROR]: 1280: Invalid enum
[15:34:40] [Client thread/ERROR]: ########## GL ERROR ##########
[15:34:40] [Client thread/ERROR]: @ Post render
[15:34:40] [Client thread/ERROR]: 1280: Invalid enum
[15:34:40] [Client thread/ERROR]: ########## GL ERROR ##########
[15:34:40] [Client thread/ERROR]: @ Post render
[15:34:40] [Client thread/ERROR]: 1280: Invalid enum
[15:34:40] [Client thread/ERROR]: ########## GL ERROR ##########
[15:34:40] [Client thread/ERROR]: @ Post render
[15:34:40] [Client thread/ERROR]: 1280: Invalid enum
[15:34:40] [Client thread/ERROR]: ########## GL ERROR ##########
[15:34:40] [Client thread/ERROR]: @ Post render
[15:34:40] [Client thread/ERROR]: 1280: Invalid enum
[15:34:40] [Client thread/ERROR]: ########## GL ERROR ##########
[15:34:40] [Client thread/ERROR]: @ Post render
[15:34:40] [Client thread/ERROR]: 1280: Invalid enum
[15:34:40] [Client thread/ERROR]: ########## GL ERROR ##########
[15:34:40] [Client thread/ERROR]: @ Post render
[15:34:40] [Client thread/ERROR]: 1280: Invalid enum
[15:34:40] [Client thread/ERROR]: ########## GL ERROR ##########
[15:34:40] [Client thread/ERROR]: @ Post render
[15:34:40] [Client thread/ERROR]: 1280: Invalid enum
[15:34:40] [Client thread/ERROR]: ########## GL ERROR ##########
[15:34:40] [Client thread/ERROR]: @ Post render
[15:34:40] [Client thread/ERROR]: 1280: Invalid enum
[15:34:40] [Client thread/ERROR]: ########## GL ERROR ##########
[15:34:40] [Client thread/ERROR]: @ Post render
[15:34:40] [Client thread/ERROR]: 1280: Invalid enum
[15:34:40] [Client thread/ERROR]: ########## GL ERROR ##########
[15:34:40] [Client thread/ERROR]: @ Post render
[15:34:40] [Client thread/ERROR]: 1280: Invalid enum
[15:34:40] [Client thread/ERROR]: ########## GL ERROR ##########
[15:34:40] [Client thread/ERROR]: @ Post render
[15:34:40] [Client thread/ERROR]: 1280: Invalid enum
[15:34:40] [Client thread/ERROR]: ########## GL ERROR ##########
[15:34:40] [Client thread/ERROR]: @ Post render
[15:34:40] [Client thread/ERROR]: 1280: Invalid enum
[15:34:40] [Client thread/ERROR]: ########## GL ERROR ##########
[15:34:40] [Client thread/ERROR]: @ Post render
[15:34:40] [Client thread/ERROR]: 1280: Invalid enum
[15:34:40] [Client thread/ERROR]: ########## GL ERROR ##########
[15:34:40] [Client thread/ERROR]: @ Post render
[15:34:40] [Client thread/ERROR]: 1280: Invalid enum
[15:34:40] [Client thread/ERROR]: ########## GL ERROR ##########
[15:34:40] [Client thread/ERROR]: @ Post render
[15:34:40] [Client thread/ERROR]: 1280: Invalid enum
[15:34:40] [Client thread/ERROR]: ########## GL ERROR ##########
[15:34:40] [Client thread/ERROR]: @ Post render
[15:34:40] [Client thread/ERROR]: 1280: Invalid enum
[15:34:40] [Client thread/ERROR]: ########## GL ERROR ##########
[15:34:40] [Client thread/ERROR]: @ Post render
[15:34:40] [Client thread/ERROR]: 1280: Invalid enum
[15:34:40] [Client thread/ERROR]: ########## GL ERROR ##########
[15:34:40] [Client thread/ERROR]: @ Post render
[15:34:40] [Client thread/ERROR]: 1280: Invalid enum
[15:34:40] [Client thread/ERROR]: ########## GL ERROR ##########
[15:34:40] [Client thread/ERROR]: @ Post render
[15:34:40] [Client thread/ERROR]: 1280: Invalid enum
[15:34:40] [Client thread/ERROR]: ########## GL ERROR ##########
[15:34:40] [Client thread/ERROR]: @ Post render
[15:34:40] [Client thread/ERROR]: 1280: Invalid enum
[15:34:41] [Client thread/ERROR]: ########## GL ERROR ##########
[15:34:41] [Client thread/ERROR]: @ Post render
[15:34:41] [Client thread/ERROR]: 1280: Invalid enum
[15:34:41] [Client thread/ERROR]: ########## GL ERROR ##########
[15:34:41] [Client thread/ERROR]: @ Post render
[15:34:41] [Client thread/ERROR]: 1280: Invalid enum
[15:34:41] [Client thread/ERROR]: ########## GL ERROR ##########
[15:34:41] [Client thread/ERROR]: @ Post render
[15:34:41] [Client thread/ERROR]: 1280: Invalid enum
[15:34:41] [Client thread/ERROR]: ########## GL ERROR ##########
[15:34:41] [Client thread/ERROR]: @ Post render
[15:34:41] [Client thread/ERROR]: 1280: Invalid enum
[15:34:41] [Client thread/ERROR]: ########## GL ERROR ##########
[15:34:41] [Client thread/ERROR]: @ Post render
[15:34:41] [Client thread/ERROR]: 1280: Invalid enum
[15:34:41] [Client thread/ERROR]: ########## GL ERROR ##########
[15:34:41] [Client thread/ERROR]: @ Post render
[15:34:41] [Client thread/ERROR]: 1280: Invalid enum
[15:34:41] [Client thread/ERROR]: ########## GL ERROR ##########
[15:34:41] [Client thread/ERROR]: @ Post render
[15:34:41] [Client thread/ERROR]: 1280: Invalid enum
[15:34:41] [Client thread/ERROR]: ########## GL ERROR ##########
[15:34:41] [Client thread/ERROR]: @ Post render
[15:34:41] [Client thread/ERROR]: 1280: Invalid enum
[15:34:41] [Client thread/ERROR]: ########## GL ERROR ##########
[15:34:41] [Client thread/ERROR]: @ Post render
[15:34:41] [Client thread/ERROR]: 1280: Invalid enum
[15:34:41] [Client thread/ERROR]: ########## GL ERROR ##########
[15:34:41] [Client thread/ERROR]: @ Post render
[15:34:41] [Client thread/ERROR]: 1280: Invalid enum
[15:34:41] [Client thread/ERROR]: ########## GL ERROR ##########
[15:34:41] [Client thread/ERROR]: @ Post render
[15:34:41] [Client thread/ERROR]: 1280: Invalid enum
[15:34:41] [Client thread/ERROR]: ########## GL ERROR ##########
[15:34:41] [Client thread/ERROR]: @ Post render
[15:34:41] [Client thread/ERROR]: 1280: Invalid enum
[15:34:41] [Client thread/ERROR]: ########## GL ERROR ##########
[15:34:41] [Client thread/ERROR]: @ Post render
[15:34:41] [Client thread/ERROR]: 1280: Invalid enum
[15:34:56] [Client thread/INFO]: Stopping!
[15:34:56] [Client thread/INFO]: SoundSystem shutting down...
[15:34:56] [Client thread/WARN]: Author: Paul Lamb, www.paulscode.com
